============================= test session starts ==============================
platform darwin -- Python 3.11.10, pytest-8.4.1, pluggy-1.6.0
rootdir: /Users/kuniaki-k/Code/civitiai
plugins: anyio-4.9.0, asyncio-1.1.0, cov-6.2.1, mock-3.14.1
asyncio: mode=Mode.STRICT, asyncio_default_fixture_loop_scope=None, asyncio_default_test_loop_scope=function
collected 347 items / 1 skipped

civitai-downloader-v2/tests/unit/test_adaptive_rate_limiter.py ......... [  2%]
                                                                         [  2%]
civitai-downloader-v2/tests/unit/test_advanced_search.py ............... [  6%]
.......                                                                  [  8%]
civitai-downloader-v2/tests/unit/test_analytics_comprehensive.py ......s [ 10%]
..                                                                       [ 11%]
civitai-downloader-v2/tests/unit/test_analytics_simple.py .....          [ 12%]
civitai-downloader-v2/tests/unit/test_analytics_system.py .........      [ 15%]
civitai-downloader-v2/tests/unit/test_api_client.py ............         [ 19%]
civitai-downloader-v2/tests/unit/test_authentication.py ............     [ 22%]
civitai-downloader-v2/tests/unit/test_bulk_download.py ................. [ 27%]
...                                                                      [ 28%]
civitai-downloader-v2/tests/unit/test_cli.py sssssssssss..F.FF..F....FF  [ 35%]
civitai-downloader-v2/tests/unit/test_config_management.py .........     [ 38%]
civitai-downloader-v2/tests/unit/test_data_models.py ........            [ 40%]
civitai-downloader-v2/tests/unit/test_database_optimization.py ........  [ 42%]
civitai-downloader-v2/tests/unit/test_download_manager.py .............. [ 46%]
.....                                                                    [ 48%]
civitai-downloader-v2/tests/unit/test_enhanced_error_handler.py ........ [ 50%]
..                                                                       [ 51%]
civitai-downloader-v2/tests/unit/test_error_handling.py ........         [ 53%]
civitai-downloader-v2/tests/unit/test_feature_manager.py .............   [ 57%]
civitai-downloader-v2/tests/unit/test_interfaces.py ........             [ 59%]
civitai-downloader-v2/tests/unit/test_license_manager.py ..........      [ 62%]
civitai-downloader-v2/tests/unit/test_logging_monitoring.py ....sssss.   [ 65%]
civitai-downloader-v2/tests/unit/test_lru_cache.py ..........            [ 68%]
civitai-downloader-v2/tests/unit/test_memory_management.py ........      [ 70%]
civitai-downloader-v2/tests/unit/test_performance_optimizer.py ......... [ 73%]
..................                                                       [ 78%]
civitai-downloader-v2/tests/unit/test_phase5_security.py .........       [ 80%]
civitai-downloader-v2/tests/unit/test_project_structure.py ........      [ 83%]
civitai-downloader-v2/tests/unit/test_project_structure_strict.py ...... [ 85%]
....                                                                     [ 86%]
civitai-downloader-v2/tests/unit/test_search_strategy.py ............... [ 90%]
...                                                                      [ 91%]
civitai-downloader-v2/tests/unit/test_security_scanner.py .............. [ 95%]
........                                                                 [ 97%]
civitai-downloader-v2/tests/unit/test_streaming_search.py ........       [100%]

=================================== FAILURES ===================================
_____________ TestCLIErrorHandling.test_invalid_config_set_format ______________
civitai-downloader-v2/tests/unit/test_cli.py:273: in test_invalid_config_set_format
    assert result.exit_code != 0 or 'invalid' in result.output.lower()
E   AssertionError: assert (0 != 0 or 'invalid' in 'error: set option must be in format key=value\n')
E    +  where 0 = <Result okay>.exit_code
E    +  and   'error: set option must be in format key=value\n' = <built-in method lower of str object at 0x105a14cf0>()
E    +    where <built-in method lower of str object at 0x105a14cf0> = 'Error: Set option must be in format key=value\n'.lower
E    +      where 'Error: Set option must be in format key=value\n' = <Result okay>.output
_______ TestCLIIntegrationWithComponents.test_search_calls_search_engine _______
civitai-downloader-v2/tests/unit/test_cli.py:319: in test_search_calls_search_engine
    assert result.exit_code == 0, result.output
E   AssertionError: 
E   assert 1 == 0
E    +  where 1 = <Result NameError("name 'asyncio' is not defined")>.exit_code
____ TestCLIIntegrationWithComponents.test_download_calls_download_manager _____
civitai-downloader-v2/tests/unit/test_cli.py:335: in test_download_calls_download_manager
    @click.command()
     ^^^^^
E   NameError: name 'click' is not defined
___________ TestCLIUserExperience.test_output_formatting_consistency ___________
civitai-downloader-v2/tests/unit/test_cli.py:412: in test_output_formatting_consistency
    assert len(result_lines) >= 1
E   assert 0 >= 1
E    +  where 0 = len([])
________________ TestCLIValidation.test_search_query_validation ________________
civitai-downloader-v2/tests/unit/test_cli.py:498: in test_search_query_validation
    assert result.exit_code == 0  # Should handle gracefully
    ^^^^^^^^^^^^^^^^^^^^^^^^^^^^
E   assert 1 == 0
E    +  where 1 = <Result SystemExit(1)>.exit_code
_____________ TestCLIValidation.test_numeric_parameter_validation ______________
civitai-downloader-v2/tests/unit/test_cli.py:507: in test_numeric_parameter_validation
    assert result.exit_code == 0
E   assert 1 == 0
E    +  where 1 = <Result SystemExit(1)>.exit_code
=============================== warnings summary ===============================
civitai-downloader-v2/tests/unit/test_analytics_system.py::TestAnalyticsSystemIntegration::test_analytics_data_consistency
  /Users/kuniaki-k/Code/civitiai/civitai-downloader-v2/tests/unit/test_analytics_system.py:334: RuntimeWarning: coroutine 'AnalyticsCollector.record_event' was never awaited
    self.collector.record_event(event_type, data)
  Enable tracemalloc to get traceback where the object was allocated.
  See https://docs.pytest.org/en/stable/how-to/capture-warnings.html#resource-warnings for more info.

-- Docs: https://docs.pytest.org/en/stable/how-to/capture-warnings.html
=========================== short test summary info ============================
FAILED civitai-downloader-v2/tests/unit/test_cli.py::TestCLIErrorHandling::test_invalid_config_set_format
FAILED civitai-downloader-v2/tests/unit/test_cli.py::TestCLIIntegrationWithComponents::test_search_calls_search_engine
FAILED civitai-downloader-v2/tests/unit/test_cli.py::TestCLIIntegrationWithComponents::test_download_calls_download_manager
FAILED civitai-downloader-v2/tests/unit/test_cli.py::TestCLIUserExperience::test_output_formatting_consistency
FAILED civitai-downloader-v2/tests/unit/test_cli.py::TestCLIValidation::test_search_query_validation
FAILED civitai-downloader-v2/tests/unit/test_cli.py::TestCLIValidation::test_numeric_parameter_validation
======= 6 failed, 324 passed, 18 skipped, 1 warning in 170.93s (0:02:50) =======
